<?xml version="1.0" encoding="UTF-8"?>
<testsuite name="DequeTest" tests="11" skipped="0" failures="0" errors="0" timestamp="2020-02-10T01:47:11" hostname="LAPTOP-5NNBCI8K" time="0.039">
  <properties/>
  <testcase name="testExceptionNullAddLast" classname="DequeTest" time="0.005"/>
  <testcase name="testaddLastIsEmptySizeAndRemoveLast" classname="DequeTest" time="0.003"/>
  <testcase name="testExceptionOnEmptyRemoveFirst" classname="DequeTest" time="0.002"/>
  <testcase name="testaddAndRemoveLastAndFirst" classname="DequeTest" time="0.003"/>
  <testcase name="testaddFirstRemoveFirstSizeAndIsEmpty" classname="DequeTest" time="0.002"/>
  <testcase name="testExceptionNullAddFirst" classname="DequeTest" time="0.002"/>
  <testcase name="testExceptionOnEmptyRemoveLast" classname="DequeTest" time="0.003"/>
  <testcase name="testIsEmpty" classname="DequeTest" time="0.001"/>
  <testcase name="testIterator" classname="DequeTest" time="0.01"/>
  <testcase name="testaddFirstIsEmptySizeAndRemoveFirst" classname="DequeTest" time="0.0"/>
  <testcase name="testaddLastRemoveLastSizeAndIsEmpty" classname="DequeTest" time="0.001"/>
  <system-out><![CDATA[]]></system-out>
  <system-err><![CDATA[]]></system-err>
</testsuite>
