<?xml version="1.0" encoding="UTF-8"?>
<testsuite name="SAPTest" tests="1" skipped="0" failures="0" errors="0" timestamp="2020-04-13T06:38:01" hostname="LAPTOP-5NNBCI8K" time="0.029">
  <properties/>
  <testcase name="testNullIterableIterable2" classname="SAPTest" time="0.029"/>
  <system-out><![CDATA[13 vertices, 11 edges 
0: 
1: 0 
2: 0 
3: 1 
4: 1 
5: 1 
6: 
7: 3 
8: 3 
9: 5 
10: 5 
11: 10 
12: 10 

]]></system-out>
  <system-err><![CDATA[]]></system-err>
</testsuite>
